Determining if the pthread_create exist failed with the following output:
Change Dir: /home/harvey/projects/UGBots_ROS/ugbots_ros/build/CMakeFiles/CMakeTmp

Run Build Command:/usr/bin/make "cmTryCompileExec631630467/fast"
make[1]: Entering directory `/home/harvey/projects/UGBots_ROS/ugbots_ros/build/CMakeFiles/CMakeTmp'
/usr/bin/make -f CMakeFiles/cmTryCompileExec631630467.dir/build.make CMakeFiles/cmTryCompileExec631630467.dir/build
make[2]: Entering directory `/home/harvey/projects/UGBots_ROS/ugbots_ros/build/CMakeFiles/CMakeTmp'
/usr/bin/cmake -E cmake_progress_report /home/harvey/projects/UGBots_ROS/ugbots_ros/build/CMakeFiles/CMakeTmp/CMakeFiles 1
Building C object CMakeFiles/cmTryCompileExec631630467.dir/CheckSymbolExists.c.o
/usr/bin/cc    -o CMakeFiles/cmTryCompileExec631630467.dir/CheckSymbolExists.c.o   -c /home/harvey/projects/UGBots_ROS/ugbots_ros/build/CMakeFiles/CMakeTmp/CheckSymbolExists.c
Linking C executable cmTryCompileExec631630467
/usr/bin/cmake -E cmake_link_script CMakeFiles/cmTryCompileExec631630467.dir/link.txt --verbose=1
/usr/bin/cc       CMakeFiles/cmTryCompileExec631630467.dir/CheckSymbolExists.c.o  -o cmTryCompileExec631630467 -rdynamic 
CMakeFiles/cmTryCompileExec631630467.dir/CheckSymbolExists.c.o: In function `main':
CheckSymbolExists.c:(.text+0x16): undefined reference to `pthread_create'
collect2: error: ld returned 1 exit status
make[2]: *** [cmTryCompileExec631630467] Error 1
make[2]: Leaving directory `/home/harvey/projects/UGBots_ROS/ugbots_ros/build/CMakeFiles/CMakeTmp'
make[1]: *** [cmTryCompileExec631630467/fast] Error 2
make[1]: Leaving directory `/home/harvey/projects/UGBots_ROS/ugbots_ros/build/CMakeFiles/CMakeTmp'

File /home/harvey/projects/UGBots_ROS/ugbots_ros/build/CMakeFiles/CMakeTmp/CheckSymbolExists.c:
/* */
#include <pthread.h>

int main(int argc, char** argv)
{
  (void)argv;
#ifndef pthread_create
  return ((int*)(&pthread_create))[argc];
#else
  (void)argc;
  return 0;
#endif
}

Determining if the function pthread_create exists in the pthreads failed with the following output:
Change Dir: /home/harvey/projects/UGBots_ROS/ugbots_ros/build/CMakeFiles/CMakeTmp

Run Build Command:/usr/bin/make "cmTryCompileExec448737945/fast"
make[1]: Entering directory `/home/harvey/projects/UGBots_ROS/ugbots_ros/build/CMakeFiles/CMakeTmp'
/usr/bin/make -f CMakeFiles/cmTryCompileExec448737945.dir/build.make CMakeFiles/cmTryCompileExec448737945.dir/build
make[2]: Entering directory `/home/harvey/projects/UGBots_ROS/ugbots_ros/build/CMakeFiles/CMakeTmp'
/usr/bin/cmake -E cmake_progress_report /home/harvey/projects/UGBots_ROS/ugbots_ros/build/CMakeFiles/CMakeTmp/CMakeFiles 1
Building C object CMakeFiles/cmTryCompileExec448737945.dir/CheckFunctionExists.c.o
/usr/bin/cc   -DCHECK_FUNCTION_EXISTS=pthread_create   -o CMakeFiles/cmTryCompileExec448737945.dir/CheckFunctionExists.c.o   -c /usr/share/cmake-2.8/Modules/CheckFunctionExists.c
Linking C executable cmTryCompileExec448737945
/usr/bin/cmake -E cmake_link_script CMakeFiles/cmTryCompileExec448737945.dir/link.txt --verbose=1
/usr/bin/cc   -DCHECK_FUNCTION_EXISTS=pthread_create    CMakeFiles/cmTryCompileExec448737945.dir/CheckFunctionExists.c.o  -o cmTryCompileExec448737945 -rdynamic -lpthreads 
/usr/bin/ld: cannot find -lpthreads
collect2: error: ld returned 1 exit status
make[2]: *** [cmTryCompileExec448737945] Error 1
make[2]: Leaving directory `/home/harvey/projects/UGBots_ROS/ugbots_ros/build/CMakeFiles/CMakeTmp'
make[1]: *** [cmTryCompileExec448737945/fast] Error 2
make[1]: Leaving directory `/home/harvey/projects/UGBots_ROS/ugbots_ros/build/CMakeFiles/CMakeTmp'


